[2022-11-30T05:46:14+08:00][sql] CONNECT:[ UseTime:0.000364s ] mysql:host=127.0.0.1;port=3306;dbname=senior_test_jiay;charset=utf8
[2022-11-30T05:46:14+08:00][sql] SHOW FULL COLUMNS FROM `cd_config` [ RunTime:0.000435s ]
[2022-11-30T05:46:14+08:00][sql] SELECT `data`,`name` FROM `cd_config` [ RunTime:0.000176s ]
[2022-11-30T06:14:09+08:00][sql] CONNECT:[ UseTime:0.000306s ] mysql:host=127.0.0.1;port=3306;dbname=senior_test_jiay;charset=utf8
[2022-11-30T06:14:09+08:00][sql] SHOW FULL COLUMNS FROM `cd_config` [ RunTime:0.000428s ]
[2022-11-30T06:14:09+08:00][sql] SELECT `data`,`name` FROM `cd_config` [ RunTime:0.000171s ]
[2022-11-30T10:28:59+08:00][sql] CONNECT:[ UseTime:0.000294s ] mysql:host=127.0.0.1;port=3306;dbname=senior_test_jiay;charset=utf8
[2022-11-30T10:28:59+08:00][sql] SHOW FULL COLUMNS FROM `cd_config` [ RunTime:0.000400s ]
[2022-11-30T10:28:59+08:00][sql] SELECT `data`,`name` FROM `cd_config` [ RunTime:0.000175s ]
[2022-11-30T10:29:14+08:00][sql] CONNECT:[ UseTime:0.000309s ] mysql:host=127.0.0.1;port=3306;dbname=senior_test_jiay;charset=utf8
[2022-11-30T10:29:14+08:00][sql] SHOW FULL COLUMNS FROM `cd_user` [ RunTime:0.000486s ]
[2022-11-30T10:29:14+08:00][sql] SELECT `a`.`user_id`,`a`.`name`,a.user as username,`a`.`status`,a.role_id as user_role_ids,`b`.`role_id`,b.name as role_name,b.status as role_status FROM `cd_user` `a` INNER JOIN `cd_role` `b` ON a.role_id in(b.role_id) WHERE  `a`.`user` = 'admin'  AND `a`.`pwd` = '8b38b64d2b84da4f1eed9663c3b5e403' LIMIT 1 [ RunTime:0.000305s ]
[2022-11-30T10:29:14+08:00][sql] SHOW FULL COLUMNS FROM `cd_access` [ RunTime:0.000330s ]
[2022-11-30T10:29:14+08:00][sql] SELECT `purviewval`,`id` FROM `cd_access` WHERE  `role_id` = 1 [ RunTime:0.000150s ]
[2022-11-30T10:29:14+08:00][sql] SHOW FULL COLUMNS FROM `cd_log` [ RunTime:0.000339s ]
[2022-11-30T10:29:14+08:00][sql] INSERT INTO `cd_log` SET `application_name` = 'admin' , `username` = 'admin' , `url` = 'https://senior.test.jiayuanxueyuan.cn/admin/Login/index.html' , `ip` = '222.168.59.5' , `useragent` = 'Mozilla/5.0 (Windows NT 10.0; Win64; x64) AppleWebKit/537.36 (KHTML, like Gecko) Chrome/107.0.0.0 Safari/537.36' , `create_time` = 1669775354 , `type` = 1 [ RunTime:0.002002s ]
[2022-11-30T10:29:14+08:00][sql] CONNECT:[ UseTime:0.000298s ] mysql:host=127.0.0.1;port=3306;dbname=senior_test_jiay;charset=utf8
[2022-11-30T10:29:14+08:00][sql] SHOW FULL COLUMNS FROM `cd_menu` [ RunTime:0.000519s ]
[2022-11-30T10:29:14+08:00][sql] SELECT * FROM `cd_menu` WHERE  `status` = 1  AND `app_id` = 1  AND `pid` = 0 ORDER BY `sortid` ASC [ RunTime:0.000357s ]
[2022-11-30T10:29:14+08:00][sql] SELECT * FROM `cd_menu` WHERE  `status` = 1  AND `app_id` = 1  AND `pid` = 730 ORDER BY `sortid` ASC [ RunTime:0.000253s ]
[2022-11-30T10:29:14+08:00][sql] SELECT * FROM `cd_menu` WHERE  `status` = 1  AND `app_id` = 1  AND `pid` = 730 ORDER BY `sortid` ASC [ RunTime:0.000247s ]
[2022-11-30T10:29:14+08:00][sql] SELECT * FROM `cd_menu` WHERE  `status` = 1  AND `app_id` = 1  AND `pid` = 731 ORDER BY `sortid` ASC [ RunTime:0.000237s ]
[2022-11-30T10:29:14+08:00][sql] SELECT * FROM `cd_menu` WHERE  `status` = 1  AND `app_id` = 1  AND `pid` = 731 ORDER BY `sortid` ASC [ RunTime:0.000216s ]
[2022-11-30T10:29:14+08:00][sql] SELECT * FROM `cd_menu` WHERE  `status` = 1  AND `app_id` = 1  AND `pid` = 734 ORDER BY `sortid` ASC [ RunTime:0.000237s ]
[2022-11-30T10:29:14+08:00][sql] SELECT * FROM `cd_menu` WHERE  `status` = 1  AND `app_id` = 1  AND `pid` = 734 ORDER BY `sortid` ASC [ RunTime:0.000212s ]
[2022-11-30T10:29:14+08:00][sql] SELECT * FROM `cd_menu` WHERE  `status` = 1  AND `app_id` = 1  AND `pid` = 736 ORDER BY `sortid` ASC [ RunTime:0.000239s ]
[2022-11-30T10:29:14+08:00][sql] SELECT * FROM `cd_menu` WHERE  `status` = 1  AND `app_id` = 1  AND `pid` = 736 ORDER BY `sortid` ASC [ RunTime:0.000219s ]
[2022-11-30T10:29:14+08:00][sql] SELECT * FROM `cd_menu` WHERE  `status` = 1  AND `app_id` = 1  AND `pid` = 12 ORDER BY `sortid` ASC [ RunTime:0.000235s ]
[2022-11-30T10:29:14+08:00][sql] SELECT * FROM `cd_menu` WHERE  `status` = 1  AND `app_id` = 1  AND `pid` = 12 ORDER BY `sortid` ASC [ RunTime:0.000257s ]
[2022-11-30T10:29:14+08:00][sql] SELECT * FROM `cd_menu` WHERE  `status` = 1  AND `app_id` = 1  AND `pid` = 17 ORDER BY `sortid` ASC [ RunTime:0.000221s ]
[2022-11-30T10:29:14+08:00][sql] SELECT * FROM `cd_menu` WHERE  `status` = 1  AND `app_id` = 1  AND `pid` = 17 ORDER BY `sortid` ASC [ RunTime:0.000211s ]
[2022-11-30T10:29:14+08:00][sql] SELECT * FROM `cd_menu` WHERE  `status` = 1  AND `app_id` = 1  AND `pid` = 80 ORDER BY `sortid` ASC [ RunTime:0.000228s ]
[2022-11-30T10:29:14+08:00][sql] SELECT * FROM `cd_menu` WHERE  `status` = 1  AND `app_id` = 1  AND `pid` = 80 ORDER BY `sortid` ASC [ RunTime:0.000209s ]
[2022-11-30T10:29:14+08:00][sql] SELECT * FROM `cd_menu` WHERE  `status` = 1  AND `app_id` = 1  AND `pid` = 21 ORDER BY `sortid` ASC [ RunTime:0.000224s ]
[2022-11-30T10:29:14+08:00][sql] SELECT * FROM `cd_menu` WHERE  `status` = 1  AND `app_id` = 1  AND `pid` = 21 ORDER BY `sortid` ASC [ RunTime:0.000217s ]
[2022-11-30T10:29:14+08:00][sql] SELECT * FROM `cd_menu` WHERE  `status` = 1  AND `app_id` = 1  AND `pid` = 18 ORDER BY `sortid` ASC [ RunTime:0.000216s ]
[2022-11-30T10:29:14+08:00][sql] SELECT * FROM `cd_menu` WHERE  `status` = 1  AND `app_id` = 1  AND `pid` = 18 ORDER BY `sortid` ASC [ RunTime:0.000229s ]
[2022-11-30T10:29:14+08:00][sql] SELECT * FROM `cd_menu` WHERE  `status` = 1  AND `app_id` = 1  AND `pid` = 19 ORDER BY `sortid` ASC [ RunTime:0.000219s ]
[2022-11-30T10:29:14+08:00][sql] SELECT * FROM `cd_menu` WHERE  `status` = 1  AND `app_id` = 1  AND `pid` = 19 ORDER BY `sortid` ASC [ RunTime:0.000213s ]
[2022-11-30T10:29:14+08:00][sql] SELECT * FROM `cd_menu` WHERE  `status` = 1  AND `app_id` = 1  AND `pid` = 41 ORDER BY `sortid` ASC [ RunTime:0.000223s ]
[2022-11-30T10:29:14+08:00][sql] SELECT * FROM `cd_menu` WHERE  `status` = 1  AND `app_id` = 1  AND `pid` = 41 ORDER BY `sortid` ASC [ RunTime:0.000212s ]
[2022-11-30T10:29:14+08:00][sql] SELECT * FROM `cd_menu` WHERE  `status` = 1  AND `app_id` = 1  AND `pid` = 670 ORDER BY `sortid` ASC [ RunTime:0.000225s ]
[2022-11-30T10:29:14+08:00][sql] SELECT * FROM `cd_menu` WHERE  `status` = 1  AND `app_id` = 1  AND `pid` = 670 ORDER BY `sortid` ASC [ RunTime:0.000219s ]
[2022-11-30T10:29:14+08:00][sql] SELECT * FROM `cd_menu` WHERE  `status` = 1  AND `app_id` = 1  AND `pid` = 673 ORDER BY `sortid` ASC [ RunTime:0.000214s ]
[2022-11-30T10:29:14+08:00][sql] SELECT * FROM `cd_menu` WHERE  `status` = 1  AND `app_id` = 1  AND `pid` = 673 ORDER BY `sortid` ASC [ RunTime:0.000230s ]
[2022-11-30T10:29:17+08:00][sql] CONNECT:[ UseTime:0.000278s ] mysql:host=127.0.0.1;port=3306;dbname=senior_test_jiay;charset=utf8
[2022-11-30T10:29:17+08:00][sql] SHOW FULL COLUMNS FROM `cd_student` [ RunTime:0.000489s ]
[2022-11-30T10:29:17+08:00][sql] SELECT COUNT(*) AS think_count FROM `cd_student` LIMIT 1 [ RunTime:0.000168s ]
[2022-11-30T10:29:18+08:00][sql] CONNECT:[ UseTime:0.000301s ] mysql:host=127.0.0.1;port=3306;dbname=senior_test_jiay;charset=utf8
[2022-11-30T10:29:18+08:00][sql] SHOW FULL COLUMNS FROM `cd_application` [ RunTime:0.000470s ]
[2022-11-30T10:29:18+08:00][sql] SELECT * FROM `cd_application` WHERE  `app_id` = 1 LIMIT 1 [ RunTime:0.000228s ]
[2022-11-30T10:29:18+08:00][sql] SELECT * FROM `cd_application` WHERE  ( 1=1 ) [ RunTime:0.000204s ]
[2022-11-30T10:29:18+08:00][sql] SELECT * FROM `cd_application` WHERE  ( 1=1 ) [ RunTime:0.000167s ]
[2022-11-30T10:29:18+08:00][sql] CONNECT:[ UseTime:0.000283s ] mysql:host=127.0.0.1;port=3306;dbname=senior_test_jiay;charset=utf8
[2022-11-30T10:29:18+08:00][sql] SHOW FULL COLUMNS FROM `cd_menu` [ RunTime:0.000492s ]
[2022-11-30T10:29:18+08:00][sql] SELECT * FROM `cd_menu` WHERE  `app_id` = 1 ORDER BY `sortid` ASC [ RunTime:0.000343s ]
[2022-11-30T10:29:18+08:00][sql] SELECT COUNT(*) AS think_count FROM `cd_menu` WHERE  `app_id` = 1 ORDER BY `sortid` ASC LIMIT 1 [ RunTime:0.000198s ]
[2022-11-30T10:29:19+08:00][sql] CONNECT:[ UseTime:0.000273s ] mysql:host=127.0.0.1;port=3306;dbname=senior_test_jiay;charset=utf8
[2022-11-30T10:29:19+08:00][sql] SHOW FULL COLUMNS FROM `cd_application` [ RunTime:0.000461s ]
[2022-11-30T10:29:19+08:00][sql] SELECT * FROM `cd_application` WHERE  `app_id` = 211 LIMIT 1 [ RunTime:0.000222s ]
[2022-11-30T10:29:19+08:00][sql] SELECT * FROM `cd_application` WHERE  ( 1=1 ) [ RunTime:0.000184s ]
[2022-11-30T10:29:19+08:00][sql] SELECT * FROM `cd_application` WHERE  ( 1=1 ) [ RunTime:0.000174s ]
[2022-11-30T10:29:19+08:00][sql] CONNECT:[ UseTime:0.000273s ] mysql:host=127.0.0.1;port=3306;dbname=senior_test_jiay;charset=utf8
[2022-11-30T10:29:19+08:00][sql] SHOW FULL COLUMNS FROM `cd_menu` [ RunTime:0.000489s ]
[2022-11-30T10:29:19+08:00][sql] SELECT * FROM `cd_menu` WHERE  `app_id` = 211 ORDER BY `sortid` ASC [ RunTime:0.000283s ]
[2022-11-30T10:29:19+08:00][sql] SELECT COUNT(*) AS think_count FROM `cd_menu` WHERE  `app_id` = 211 ORDER BY `sortid` ASC LIMIT 1 [ RunTime:0.000196s ]
[2022-11-30T10:29:23+08:00][sql] CONNECT:[ UseTime:0.000299s ] mysql:host=127.0.0.1;port=3306;dbname=senior_test_jiay;charset=utf8
[2022-11-30T10:29:23+08:00][sql] SHOW FULL COLUMNS FROM `cd_menu` [ RunTime:0.000496s ]
[2022-11-30T10:29:23+08:00][sql] SELECT * FROM `cd_menu` WHERE  `menu_id` = 735 LIMIT 1 [ RunTime:0.000245s ]
[2022-11-30T10:29:23+08:00][sql] SHOW FULL COLUMNS FROM `cd_application` [ RunTime:0.000357s ]
[2022-11-30T10:29:23+08:00][sql] SELECT * FROM `cd_application` WHERE  `app_id` = 211 LIMIT 1 [ RunTime:0.000185s ]
[2022-11-30T10:29:23+08:00][sql] CONNECT:[ UseTime:0.000308s ] mysql:host=127.0.0.1;port=3306;dbname=senior_test_jiay;charset=utf8
[2022-11-30T10:29:23+08:00][sql] SHOW FULL COLUMNS FROM `cd_field` [ RunTime:0.000495s ]
[2022-11-30T10:29:23+08:00][sql] SELECT COUNT(*) AS think_count FROM `cd_field` WHERE  `menu_id` = 735 LIMIT 1 [ RunTime:0.000238s ]
[2022-11-30T10:29:23+08:00][sql] SELECT * FROM `cd_field` WHERE  `menu_id` = 735 ORDER BY `sortid` ASC LIMIT 0,20 [ RunTime:0.000267s ]
[2022-11-30T10:29:41+08:00][sql] CONNECT:[ UseTime:0.000276s ] mysql:host=127.0.0.1;port=3306;dbname=senior_test_jiay;charset=utf8
[2022-11-30T10:29:41+08:00][sql] SHOW FULL COLUMNS FROM `cd_menu` [ RunTime:0.000429s ]
[2022-11-30T10:29:41+08:00][sql] SELECT * FROM `cd_menu` WHERE  `menu_id` = 735 LIMIT 1 [ RunTime:0.000264s ]
[2022-11-30T10:29:41+08:00][sql] SELECT * FROM `cd_menu` WHERE  `menu_id` = 735 LIMIT 1 [ RunTime:0.000207s ]
[2022-11-30T10:29:41+08:00][sql] SHOW FULL COLUMNS FROM `cd_application` [ RunTime:0.000371s ]
[2022-11-30T10:29:41+08:00][sql] SELECT * FROM `cd_application` WHERE  `app_id` = 211 LIMIT 1 [ RunTime:0.000173s ]
[2022-11-30T10:29:44+08:00][sql] CONNECT:[ UseTime:0.000306s ] mysql:host=127.0.0.1;port=3306;dbname=senior_test_jiay;charset=utf8
[2022-11-30T10:29:44+08:00][sql] SHOW FULL COLUMNS FROM `cd_log` [ RunTime:0.000426s ]
[2022-11-30T10:29:44+08:00][sql] INSERT INTO `cd_log` SET `application_name` = 'admin' , `username` = 'admin' , `url` = 'https://senior.test.jiayuanxueyuan.cn/admin/Sys.Field/getPy' , `ip` = '222.168.59.5' , `useragent` = 'Mozilla/5.0 (Windows NT 10.0; Win64; x64) AppleWebKit/537.36 (KHTML, like Gecko) Chrome/107.0.0.0 Safari/537.36' , `content` = '{"fieldname":""}' , `create_time` = 1669775384 , `type` = 2 [ RunTime:0.001946s ]
[2022-11-30T10:30:10+08:00][sql] CONNECT:[ UseTime:0.000285s ] mysql:host=127.0.0.1;port=3306;dbname=senior_test_jiay;charset=utf8
[2022-11-30T10:30:10+08:00][sql] SHOW FULL COLUMNS FROM `cd_log` [ RunTime:0.000438s ]
[2022-11-30T10:30:10+08:00][sql] INSERT INTO `cd_log` SET `application_name` = 'admin' , `username` = 'admin' , `url` = 'https://senior.test.jiayuanxueyuan.cn/admin/Sys.Field/getPy' , `ip` = '222.168.59.5' , `useragent` = 'Mozilla/5.0 (Windows NT 10.0; Win64; x64) AppleWebKit/537.36 (KHTML, like Gecko) Chrome/107.0.0.0 Safari/537.36' , `content` = '{"fieldname":"\u4e0a\u7ea7\u83dc\u5355\u53cd\u5199\u6570\u636e"}' , `create_time` = 1669775410 , `type` = 2 [ RunTime:0.002011s ]
[2022-11-30T10:30:10+08:00][sql] SHOW FULL COLUMNS FROM `cd_config` [ RunTime:0.000322s ]
[2022-11-30T10:30:10+08:00][sql] SELECT `data`,`name` FROM `cd_config` [ RunTime:0.000154s ]
[2022-11-30T10:30:11+08:00][sql] CONNECT:[ UseTime:0.000303s ] mysql:host=127.0.0.1;port=3306;dbname=senior_test_jiay;charset=utf8
[2022-11-30T10:30:11+08:00][sql] SHOW FULL COLUMNS FROM `cd_log` [ RunTime:0.000442s ]
[2022-11-30T10:30:11+08:00][sql] INSERT INTO `cd_log` SET `application_name` = 'admin' , `username` = 'admin' , `url` = 'https://senior.test.jiayuanxueyuan.cn/admin/Sys.Field/getFieldConfig' , `ip` = '222.168.59.5' , `useragent` = 'Mozilla/5.0 (Windows NT 10.0; Win64; x64) AppleWebKit/537.36 (KHTML, like Gecko) Chrome/107.0.0.0 Safari/537.36' , `content` = '{"type":"1"}' , `create_time` = 1669775411 , `type` = 2 [ RunTime:0.002045s ]
[2022-11-30T10:30:15+08:00][sql] CONNECT:[ UseTime:0.000290s ] mysql:host=127.0.0.1;port=3306;dbname=senior_test_jiay;charset=utf8
[2022-11-30T10:30:15+08:00][sql] SHOW FULL COLUMNS FROM `cd_log` [ RunTime:0.000467s ]
[2022-11-30T10:30:15+08:00][sql] INSERT INTO `cd_log` SET `application_name` = 'admin' , `username` = 'admin' , `url` = 'https://senior.test.jiayuanxueyuan.cn/admin/Sys.Field/add' , `ip` = '222.168.59.5' , `useragent` = 'Mozilla/5.0 (Windows NT 10.0; Win64; x64) AppleWebKit/537.36 (KHTML, like Gecko) Chrome/107.0.0.0 Safari/537.36' , `content` = '{"is_field":"1","search_show":"1","search_type":"0","is_post":"1","validate":"","id":"","menu_id":"735","name":"\u4e0a\u7ea7\u83dc\u5355\u53cd\u5199\u6570\u636e","field":"cascader","type":"1","config":"","default_value":"","message":"","rule":"","datatype":"varchar","length":"250","indexdata":""}' , `create_time` = 1669775415 , `type` = 2 [ RunTime:0.002072s ]
[2022-11-30T10:30:15+08:00][sql] SHOW FULL COLUMNS FROM `cd_menu` [ RunTime:0.000400s ]
[2022-11-30T10:30:15+08:00][sql] SELECT * FROM `cd_menu` WHERE  `menu_id` = 735 LIMIT 1 [ RunTime:0.000242s ]
[2022-11-30T10:30:15+08:00][sql] ALTER TABLE cd_member_menu ADD cascader varchar(250) COMMENT '上级菜单反写数据' DEFAULT NULL [ RunTime:0.037504s ]
[2022-11-30T10:30:15+08:00][sql] INSERT INTO `cd_log` SET `application_name` = 'admin' , `username` = 'admin' , `url` = 'https://senior.test.jiayuanxueyuan.cn/admin/Sys.Field/add' , `ip` = '222.168.59.5' , `useragent` = 'Mozilla/5.0 (Windows NT 10.0; Win64; x64) AppleWebKit/537.36 (KHTML, like Gecko) Chrome/107.0.0.0 Safari/537.36' , `content` = '{"is_field":"1","search_show":"1","search_type":"0","is_post":"1","validate":"","id":"","menu_id":"735","name":"\u4e0a\u7ea7\u83dc\u5355\u53cd\u5199\u6570\u636e","field":"cascader","type":"1","config":"","default_value":"","message":"","rule":"","datatype":"varchar","length":"250","indexdata":""}' , `create_time` = 1669775415 , `type` = 2 [ RunTime:0.001809s ]
[2022-11-30T10:30:15+08:00][sql] SHOW FULL COLUMNS FROM `cd_field` [ RunTime:0.000417s ]
[2022-11-30T10:30:15+08:00][sql] SELECT * FROM `cd_field` WHERE  `menu_id` = 735  AND `field` = 'cascader' LIMIT 1 [ RunTime:0.000280s ]
[2022-11-30T10:30:15+08:00][sql] INSERT INTO `cd_field` SET `is_field` = 1 , `search_show` = 1 , `search_type` = 0 , `is_post` = 1 , `validate` = '' , `id` = 0 , `menu_id` = 735 , `name` = '上级菜单反写数据' , `field` = 'cascader' , `type` = 1 , `config` = '' , `default_value` = '' , `message` = '' , `rule` = '' , `datatype` = 'varchar' , `length` = '250' , `indexdata` = '' , `sql` = '' [ RunTime:0.002154s ]
[2022-11-30T10:30:15+08:00][sql] UPDATE `cd_field`  SET `sortid` = 2786  WHERE  `id` = 2786 [ RunTime:0.000958s ]
[2022-11-30T10:30:15+08:00][sql] SHOW FULL COLUMNS FROM `cd_action` [ RunTime:0.000421s ]
[2022-11-30T10:30:15+08:00][sql] SELECT `id`,`type`,`fields` FROM `cd_action` WHERE  `menu_id` = 735  AND `type` IN (3,4,15) [ RunTime:0.000225s ]
[2022-11-30T10:30:15+08:00][sql] UPDATE `cd_action`  SET `fields` = 'menu_name,url,redirect,route_url,route_path,pid,menu_order,menu_ico,broadside_status,create_time,cascader' , `remark` = '800px|100%'  WHERE  `id` = 2460 [ RunTime:0.000971s ]
[2022-11-30T10:30:15+08:00][sql] UPDATE `cd_action`  SET `fields` = 'menu_name,url,redirect,route_url,route_path,pid,menu_order,menu_ico,broadside_status,cascader' , `remark` = '800px|100%'  WHERE  `id` = 2461 [ RunTime:0.000983s ]
[2022-11-30T10:30:15+08:00][sql] UPDATE `cd_action`  SET `fields` = 'menu_name,url,redirect,route_url,route_path,pid,menu_order,menu_ico,broadside_status,create_time,cascader' , `remark` = '800px|100%'  WHERE  `id` = 2463 [ RunTime:0.000950s ]
[2022-11-30T10:30:15+08:00][sql] CONNECT:[ UseTime:0.000252s ] mysql:host=127.0.0.1;port=3306;dbname=senior_test_jiay;charset=utf8
[2022-11-30T10:30:15+08:00][sql] SHOW FULL COLUMNS FROM `cd_field` [ RunTime:0.000459s ]
[2022-11-30T10:30:15+08:00][sql] SELECT COUNT(*) AS think_count FROM `cd_field` WHERE  `menu_id` = 735 LIMIT 1 [ RunTime:0.000216s ]
[2022-11-30T10:30:15+08:00][sql] SELECT * FROM `cd_field` WHERE  `menu_id` = 735 ORDER BY `sortid` ASC LIMIT 0,20 [ RunTime:0.000267s ]
[2022-11-30T10:30:24+08:00][sql] CONNECT:[ UseTime:0.000328s ] mysql:host=127.0.0.1;port=3306;dbname=senior_test_jiay;charset=utf8
[2022-11-30T10:30:24+08:00][sql] SHOW FULL COLUMNS FROM `cd_menu` [ RunTime:0.000442s ]
[2022-11-30T10:30:24+08:00][sql] SELECT * FROM `cd_menu` WHERE  `menu_id` = 735 LIMIT 1 [ RunTime:0.000258s ]
[2022-11-30T10:30:24+08:00][sql] SHOW FULL COLUMNS FROM `cd_application` [ RunTime:0.000318s ]
[2022-11-30T10:30:24+08:00][sql] SELECT * FROM `cd_application` WHERE  `app_id` = 211 LIMIT 1 [ RunTime:0.000192s ]
[2022-11-30T10:30:24+08:00][sql] CONNECT:[ UseTime:0.000292s ] mysql:host=127.0.0.1;port=3306;dbname=senior_test_jiay;charset=utf8
[2022-11-30T10:30:24+08:00][sql] SHOW FULL COLUMNS FROM `cd_action` [ RunTime:0.000542s ]
[2022-11-30T10:30:24+08:00][sql] SELECT * FROM `cd_action` WHERE  `menu_id` = 735 ORDER BY `sortid` ASC [ RunTime:0.000351s ]
[2022-11-30T10:30:24+08:00][sql] SELECT COUNT(*) AS think_count FROM `cd_action` WHERE  `menu_id` = 735 LIMIT 1 [ RunTime:0.000201s ]
[2022-11-30T10:30:24+08:00][sql] SHOW FULL COLUMNS FROM `cd_menu` [ RunTime:0.000405s ]
[2022-11-30T10:30:24+08:00][sql] SELECT * FROM `cd_menu` WHERE  `menu_id` = 735 LIMIT 1 [ RunTime:0.000194s ]
[2022-11-30T10:30:24+08:00][sql] SHOW FULL COLUMNS FROM `cd_application` [ RunTime:0.000335s ]
[2022-11-30T10:30:24+08:00][sql] SELECT * FROM `cd_application` WHERE  `app_id` = 211 LIMIT 1 [ RunTime:0.000171s ]
[2022-11-30T10:30:27+08:00][sql] CONNECT:[ UseTime:0.000298s ] mysql:host=127.0.0.1;port=3306;dbname=senior_test_jiay;charset=utf8
[2022-11-30T10:30:27+08:00][sql] SHOW FULL COLUMNS FROM `cd_action` [ RunTime:0.000502s ]
[2022-11-30T10:30:27+08:00][sql] SELECT * FROM `cd_action` WHERE  `id` = 2460 LIMIT 1 [ RunTime:0.000292s ]
[2022-11-30T10:30:27+08:00][sql] SHOW FULL COLUMNS FROM `cd_menu` [ RunTime:0.000353s ]
[2022-11-30T10:30:27+08:00][sql] SELECT * FROM `cd_menu` WHERE  `menu_id` = 735 LIMIT 1 [ RunTime:0.000203s ]
[2022-11-30T10:30:27+08:00][sql] SHOW FULL COLUMNS FROM `cd_application` [ RunTime:0.000317s ]
[2022-11-30T10:30:27+08:00][sql] SELECT * FROM `cd_application` WHERE  `app_id` = 211 LIMIT 1 [ RunTime:0.000170s ]
[2022-11-30T10:30:27+08:00][sql] show tables [ RunTime:0.000209s ]
[2022-11-30T10:30:27+08:00][sql] SHOW FULL COLUMNS FROM `cd_field` [ RunTime:0.000351s ]
[2022-11-30T10:30:27+08:00][sql] SELECT * FROM `cd_field` WHERE  ( menu_id=735 and is_post =1  ) ORDER BY `sortid` ASC [ RunTime:0.000286s ]
[2022-11-30T10:30:29+08:00][sql] CONNECT:[ UseTime:0.000303s ] mysql:host=127.0.0.1;port=3306;dbname=senior_test_jiay;charset=utf8
[2022-11-30T10:30:29+08:00][sql] SHOW FULL COLUMNS FROM `cd_log` [ RunTime:0.000431s ]
[2022-11-30T10:30:29+08:00][sql] INSERT INTO `cd_log` SET `application_name` = 'admin' , `username` = 'admin' , `url` = 'https://senior.test.jiayuanxueyuan.cn/admin/Sys.Action/update' , `ip` = '222.168.59.5' , `useragent` = 'Mozilla/5.0 (Windows NT 10.0; Win64; x64) AppleWebKit/537.36 (KHTML, like Gecko) Chrome/107.0.0.0 Safari/537.36' , `content` = '{"is_controller_create":"1","is_service_create":"1","log_status":"1","api_auth":"1","sms_auth":"0","captcha_auth":"0","fields":"menu_name,url,redirect,route_url,route_path,pid,menu_order,menu_ico,broadside_status,create_time,cascader","id":"2460","name":"\u6dfb\u52a0\u83dc\u5355","action_name":"add","type":"3","block_name":"\u6dfb\u52a0","remark":"800px|100%","relate_table":"","relate_field":"","list_field":"","sql_query":"","default_orderby":"","pagesize":"20","tree_config":"","cache_time":"0","request_type":""}' , `create_time` = 1669775429 , `type` = 2 [ RunTime:0.001873s ]
[2022-11-30T10:30:29+08:00][sql] SHOW FULL COLUMNS FROM `cd_action` [ RunTime:0.000460s ]
[2022-11-30T10:30:29+08:00][sql] UPDATE `cd_action`  SET `is_controller_create` = 1 , `is_service_create` = 1 , `log_status` = 1 , `api_auth` = 1 , `sms_auth` = 0 , `captcha_auth` = 0 , `fields` = 'menu_name,url,redirect,route_url,route_path,pid,menu_order,menu_ico,broadside_status,create_time,cascader' , `name` = '添加菜单' , `action_name` = 'add' , `type` = 3 , `block_name` = '添加' , `remark` = '800px|100%' , `relate_table` = '' , `relate_field` = '' , `list_field` = '' , `sql_query` = '' , `default_orderby` = '' , `pagesize` = '20' , `tree_config` = '' , `cache_time` = 0 , `request_type` = ''  WHERE  `id` = 2460 [ RunTime:0.001969s ]
[2022-11-30T10:30:29+08:00][sql] SELECT * FROM `cd_action` WHERE  `id` = 2460 LIMIT 1 [ RunTime:0.000239s ]
[2022-11-30T10:30:29+08:00][sql] SHOW FULL COLUMNS FROM `cd_menu` [ RunTime:0.000344s ]
[2022-11-30T10:30:29+08:00][sql] SELECT * FROM `cd_menu` WHERE  `menu_id` = 735 LIMIT 1 [ RunTime:0.000196s ]
[2022-11-30T10:30:29+08:00][sql] CONNECT:[ UseTime:0.000275s ] mysql:host=127.0.0.1;port=3306;dbname=senior_test_jiay;charset=utf8
[2022-11-30T10:30:29+08:00][sql] SHOW FULL COLUMNS FROM `cd_action` [ RunTime:0.000556s ]
[2022-11-30T10:30:29+08:00][sql] SELECT * FROM `cd_action` WHERE  `menu_id` = 735 ORDER BY `sortid` ASC [ RunTime:0.000362s ]
[2022-11-30T10:30:29+08:00][sql] SELECT COUNT(*) AS think_count FROM `cd_action` WHERE  `menu_id` = 735 LIMIT 1 [ RunTime:0.000196s ]
[2022-11-30T10:30:29+08:00][sql] SHOW FULL COLUMNS FROM `cd_menu` [ RunTime:0.000353s ]
[2022-11-30T10:30:29+08:00][sql] SELECT * FROM `cd_menu` WHERE  `menu_id` = 735 LIMIT 1 [ RunTime:0.000209s ]
[2022-11-30T10:30:29+08:00][sql] SHOW FULL COLUMNS FROM `cd_application` [ RunTime:0.000352s ]
[2022-11-30T10:30:29+08:00][sql] SELECT * FROM `cd_application` WHERE  `app_id` = 211 LIMIT 1 [ RunTime:0.000167s ]
[2022-11-30T10:30:30+08:00][sql] CONNECT:[ UseTime:0.000288s ] mysql:host=127.0.0.1;port=3306;dbname=senior_test_jiay;charset=utf8
[2022-11-30T10:30:30+08:00][sql] SHOW FULL COLUMNS FROM `cd_action` [ RunTime:0.000500s ]
[2022-11-30T10:30:30+08:00][sql] SELECT * FROM `cd_action` WHERE  `id` = 2461 LIMIT 1 [ RunTime:0.000317s ]
[2022-11-30T10:30:30+08:00][sql] SHOW FULL COLUMNS FROM `cd_menu` [ RunTime:0.000338s ]
[2022-11-30T10:30:30+08:00][sql] SELECT * FROM `cd_menu` WHERE  `menu_id` = 735 LIMIT 1 [ RunTime:0.000221s ]
[2022-11-30T10:30:30+08:00][sql] SHOW FULL COLUMNS FROM `cd_application` [ RunTime:0.000295s ]
[2022-11-30T10:30:30+08:00][sql] SELECT * FROM `cd_application` WHERE  `app_id` = 211 LIMIT 1 [ RunTime:0.000169s ]
[2022-11-30T10:30:30+08:00][sql] show tables [ RunTime:0.000189s ]
[2022-11-30T10:30:30+08:00][sql] SHOW FULL COLUMNS FROM `cd_field` [ RunTime:0.000354s ]
[2022-11-30T10:30:30+08:00][sql] SELECT * FROM `cd_field` WHERE  ( menu_id=735 and is_post =1  ) ORDER BY `sortid` ASC [ RunTime:0.000275s ]
[2022-11-30T10:30:33+08:00][sql] CONNECT:[ UseTime:0.000293s ] mysql:host=127.0.0.1;port=3306;dbname=senior_test_jiay;charset=utf8
[2022-11-30T10:30:33+08:00][sql] SHOW FULL COLUMNS FROM `cd_log` [ RunTime:0.000452s ]
[2022-11-30T10:30:33+08:00][sql] INSERT INTO `cd_log` SET `application_name` = 'admin' , `username` = 'admin' , `url` = 'https://senior.test.jiayuanxueyuan.cn/admin/Sys.Action/update' , `ip` = '222.168.59.5' , `useragent` = 'Mozilla/5.0 (Windows NT 10.0; Win64; x64) AppleWebKit/537.36 (KHTML, like Gecko) Chrome/107.0.0.0 Safari/537.36' , `content` = '{"is_controller_create":"1","is_service_create":"1","log_status":"1","api_auth":"1","sms_auth":"0","captcha_auth":"0","fields":"menu_name,url,redirect,route_url,route_path,pid,menu_order,menu_ico,broadside_status,cascader","id":"2461","name":"\u4fee\u6539\u83dc\u5355","action_name":"update","type":"4","block_name":"\u4fee\u6539","remark":"800px|100%","relate_table":"","relate_field":"","list_field":"","sql_query":"","default_orderby":"","pagesize":"20","tree_config":"","cache_time":"0","request_type":""}' , `create_time` = 1669775433 , `type` = 2 [ RunTime:0.002094s ]
[2022-11-30T10:30:33+08:00][sql] SHOW FULL COLUMNS FROM `cd_action` [ RunTime:0.000457s ]
[2022-11-30T10:30:33+08:00][sql] UPDATE `cd_action`  SET `is_controller_create` = 1 , `is_service_create` = 1 , `log_status` = 1 , `api_auth` = 1 , `sms_auth` = 0 , `captcha_auth` = 0 , `fields` = 'menu_name,url,redirect,route_url,route_path,pid,menu_order,menu_ico,broadside_status,cascader' , `name` = '修改菜单' , `action_name` = 'update' , `type` = 4 , `block_name` = '修改' , `remark` = '800px|100%' , `relate_table` = '' , `relate_field` = '' , `list_field` = '' , `sql_query` = '' , `default_orderby` = '' , `pagesize` = '20' , `tree_config` = '' , `cache_time` = 0 , `request_type` = ''  WHERE  `id` = 2461 [ RunTime:0.001813s ]
[2022-11-30T10:30:33+08:00][sql] SELECT * FROM `cd_action` WHERE  `id` = 2461 LIMIT 1 [ RunTime:0.000237s ]
[2022-11-30T10:30:33+08:00][sql] SHOW FULL COLUMNS FROM `cd_menu` [ RunTime:0.000367s ]
[2022-11-30T10:30:33+08:00][sql] SELECT * FROM `cd_menu` WHERE  `menu_id` = 735 LIMIT 1 [ RunTime:0.000192s ]
[2022-11-30T10:30:33+08:00][sql] CONNECT:[ UseTime:0.000272s ] mysql:host=127.0.0.1;port=3306;dbname=senior_test_jiay;charset=utf8
[2022-11-30T10:30:33+08:00][sql] SHOW FULL COLUMNS FROM `cd_action` [ RunTime:0.000491s ]
[2022-11-30T10:30:33+08:00][sql] SELECT * FROM `cd_action` WHERE  `menu_id` = 735 ORDER BY `sortid` ASC [ RunTime:0.000334s ]
[2022-11-30T10:30:33+08:00][sql] SELECT COUNT(*) AS think_count FROM `cd_action` WHERE  `menu_id` = 735 LIMIT 1 [ RunTime:0.000204s ]
[2022-11-30T10:30:33+08:00][sql] SHOW FULL COLUMNS FROM `cd_menu` [ RunTime:0.000327s ]
[2022-11-30T10:30:33+08:00][sql] SELECT * FROM `cd_menu` WHERE  `menu_id` = 735 LIMIT 1 [ RunTime:0.000188s ]
[2022-11-30T10:30:33+08:00][sql] SHOW FULL COLUMNS FROM `cd_application` [ RunTime:0.000302s ]
[2022-11-30T10:30:33+08:00][sql] SELECT * FROM `cd_application` WHERE  `app_id` = 211 LIMIT 1 [ RunTime:0.000168s ]
[2022-11-30T10:30:34+08:00][sql] CONNECT:[ UseTime:0.000223s ] mysql:host=127.0.0.1;port=3306;dbname=senior_test_jiay;charset=utf8
[2022-11-30T10:30:34+08:00][sql] SHOW FULL COLUMNS FROM `cd_action` [ RunTime:0.000469s ]
[2022-11-30T10:30:34+08:00][sql] SELECT * FROM `cd_action` WHERE  `id` = 2463 LIMIT 1 [ RunTime:0.000260s ]
[2022-11-30T10:30:34+08:00][sql] SHOW FULL COLUMNS FROM `cd_menu` [ RunTime:0.000374s ]
[2022-11-30T10:30:34+08:00][sql] SELECT * FROM `cd_menu` WHERE  `menu_id` = 735 LIMIT 1 [ RunTime:0.000199s ]
[2022-11-30T10:30:34+08:00][sql] SHOW FULL COLUMNS FROM `cd_application` [ RunTime:0.000323s ]
[2022-11-30T10:30:34+08:00][sql] SELECT * FROM `cd_application` WHERE  `app_id` = 211 LIMIT 1 [ RunTime:0.000165s ]
[2022-11-30T10:30:34+08:00][sql] show tables [ RunTime:0.000208s ]
[2022-11-30T10:30:34+08:00][sql] SHOW FULL COLUMNS FROM `cd_field` [ RunTime:0.000408s ]
[2022-11-30T10:30:34+08:00][sql] SELECT * FROM `cd_field` WHERE  ( menu_id=735 and is_post =1  ) ORDER BY `sortid` ASC [ RunTime:0.000271s ]
[2022-11-30T10:30:37+08:00][sql] CONNECT:[ UseTime:0.000291s ] mysql:host=127.0.0.1;port=3306;dbname=senior_test_jiay;charset=utf8
[2022-11-30T10:30:37+08:00][sql] SHOW FULL COLUMNS FROM `cd_log` [ RunTime:0.000464s ]
[2022-11-30T10:30:37+08:00][sql] INSERT INTO `cd_log` SET `application_name` = 'admin' , `username` = 'admin' , `url` = 'https://senior.test.jiayuanxueyuan.cn/admin/Sys.Action/update' , `ip` = '222.168.59.5' , `useragent` = 'Mozilla/5.0 (Windows NT 10.0; Win64; x64) AppleWebKit/537.36 (KHTML, like Gecko) Chrome/107.0.0.0 Safari/537.36' , `content` = '{"is_controller_create":"1","is_service_create":"1","log_status":"1","api_auth":"1","sms_auth":"0","captcha_auth":"0","fields":"menu_name,url,redirect,route_url,route_path,pid,menu_order,menu_ico,broadside_status,create_time,cascader","id":"2463","name":"\u67e5\u770b\u83dc\u5355\u8be6\u60c5","action_name":"view","type":"15","block_name":"\u67e5\u770b\u8be6\u60c5","remark":"800px|100%","relate_table":"","relate_field":"","list_field":"","sql_query":"","default_orderby":"","pagesize":"20","tree_config":"","cache_time":"0","request_type":""}' , `create_time` = 1669775437 , `type` = 2 [ RunTime:0.003275s ]
[2022-11-30T10:30:37+08:00][sql] SHOW FULL COLUMNS FROM `cd_action` [ RunTime:0.000523s ]
[2022-11-30T10:30:37+08:00][sql] UPDATE `cd_action`  SET `is_controller_create` = 1 , `is_service_create` = 1 , `log_status` = 1 , `api_auth` = 1 , `sms_auth` = 0 , `captcha_auth` = 0 , `fields` = 'menu_name,url,redirect,route_url,route_path,pid,menu_order,menu_ico,broadside_status,create_time,cascader' , `name` = '查看菜单详情' , `action_name` = 'view' , `type` = 15 , `block_name` = '查看详情' , `remark` = '800px|100%' , `relate_table` = '' , `relate_field` = '' , `list_field` = '' , `sql_query` = '' , `default_orderby` = '' , `pagesize` = '20' , `tree_config` = '' , `cache_time` = 0 , `request_type` = ''  WHERE  `id` = 2463 [ RunTime:0.001964s ]
[2022-11-30T10:30:37+08:00][sql] SELECT * FROM `cd_action` WHERE  `id` = 2463 LIMIT 1 [ RunTime:0.000294s ]
[2022-11-30T10:30:37+08:00][sql] SHOW FULL COLUMNS FROM `cd_menu` [ RunTime:0.000383s ]
[2022-11-30T10:30:37+08:00][sql] SELECT * FROM `cd_menu` WHERE  `menu_id` = 735 LIMIT 1 [ RunTime:0.000204s ]
[2022-11-30T10:30:37+08:00][sql] CONNECT:[ UseTime:0.000235s ] mysql:host=127.0.0.1;port=3306;dbname=senior_test_jiay;charset=utf8
[2022-11-30T10:30:37+08:00][sql] SHOW FULL COLUMNS FROM `cd_action` [ RunTime:0.000408s ]
[2022-11-30T10:30:37+08:00][sql] SELECT * FROM `cd_action` WHERE  `menu_id` = 735 ORDER BY `sortid` ASC [ RunTime:0.000310s ]
[2022-11-30T10:30:37+08:00][sql] SELECT COUNT(*) AS think_count FROM `cd_action` WHERE  `menu_id` = 735 LIMIT 1 [ RunTime:0.000190s ]
[2022-11-30T10:30:37+08:00][sql] SHOW FULL COLUMNS FROM `cd_menu` [ RunTime:0.000315s ]
[2022-11-30T10:30:37+08:00][sql] SELECT * FROM `cd_menu` WHERE  `menu_id` = 735 LIMIT 1 [ RunTime:0.000200s ]
[2022-11-30T10:30:37+08:00][sql] SHOW FULL COLUMNS FROM `cd_application` [ RunTime:0.000291s ]
[2022-11-30T10:30:37+08:00][sql] SELECT * FROM `cd_application` WHERE  `app_id` = 211 LIMIT 1 [ RunTime:0.000173s ]
[2022-11-30T10:30:38+08:00][sql] CONNECT:[ UseTime:0.000300s ] mysql:host=127.0.0.1;port=3306;dbname=senior_test_jiay;charset=utf8
[2022-11-30T10:30:38+08:00][sql] SHOW FULL COLUMNS FROM `cd_action` [ RunTime:0.000475s ]
[2022-11-30T10:30:38+08:00][sql] SELECT * FROM `cd_action` WHERE  `id` = 2464 LIMIT 1 [ RunTime:0.000300s ]
[2022-11-30T10:30:38+08:00][sql] SHOW FULL COLUMNS FROM `cd_menu` [ RunTime:0.000346s ]
[2022-11-30T10:30:38+08:00][sql] SELECT * FROM `cd_menu` WHERE  `menu_id` = 735 LIMIT 1 [ RunTime:0.000203s ]
[2022-11-30T10:30:38+08:00][sql] SHOW FULL COLUMNS FROM `cd_application` [ RunTime:0.000287s ]
[2022-11-30T10:30:38+08:00][sql] SELECT * FROM `cd_application` WHERE  `app_id` = 211 LIMIT 1 [ RunTime:0.000208s ]
[2022-11-30T10:30:38+08:00][sql] show tables [ RunTime:0.000184s ]
[2022-11-30T10:30:38+08:00][sql] SHOW FULL COLUMNS FROM `cd_field` [ RunTime:0.000342s ]
[2022-11-30T10:30:38+08:00][sql] SELECT * FROM `cd_field` WHERE  ( menu_id=735 and is_post =1  ) ORDER BY `sortid` ASC [ RunTime:0.000299s ]
[2022-11-30T10:30:41+08:00][sql] CONNECT:[ UseTime:0.000294s ] mysql:host=127.0.0.1;port=3306;dbname=senior_test_jiay;charset=utf8
[2022-11-30T10:30:41+08:00][sql] SHOW FULL COLUMNS FROM `cd_log` [ RunTime:0.000436s ]
[2022-11-30T10:30:41+08:00][sql] INSERT INTO `cd_log` SET `application_name` = 'admin' , `username` = 'admin' , `url` = 'https://senior.test.jiayuanxueyuan.cn/admin/Sys.Build/create' , `ip` = '222.168.59.5' , `useragent` = 'Mozilla/5.0 (Windows NT 10.0; Win64; x64) AppleWebKit/537.36 (KHTML, like Gecko) Chrome/107.0.0.0 Safari/537.36' , `content` = '{"menu_id":"735"}' , `create_time` = 1669775441 , `type` = 2 [ RunTime:0.001844s ]
[2022-11-30T10:30:41+08:00][sql] SHOW FULL COLUMNS FROM `cd_action` [ RunTime:0.000431s ]
[2022-11-30T10:30:41+08:00][sql] SELECT * FROM `cd_action` WHERE  `menu_id` = 735 ORDER BY `sortid` ASC [ RunTime:0.000347s ]
[2022-11-30T10:30:41+08:00][sql] SHOW FULL COLUMNS FROM `cd_menu` [ RunTime:0.000352s ]
[2022-11-30T10:30:41+08:00][sql] SELECT * FROM `cd_menu` WHERE  `menu_id` = 735 LIMIT 1 [ RunTime:0.000197s ]
[2022-11-30T10:30:41+08:00][sql] SHOW FULL COLUMNS FROM `cd_application` [ RunTime:0.000302s ]
[2022-11-30T10:30:41+08:00][sql] SELECT * FROM `cd_application` WHERE  `app_id` = 211 LIMIT 1 [ RunTime:0.000173s ]
[2022-11-30T10:30:41+08:00][sql] SHOW FULL COLUMNS FROM `cd_field` [ RunTime:0.000333s ]
[2022-11-30T10:30:41+08:00][sql] SELECT * FROM `cd_field` WHERE  `menu_id` = 735 ORDER BY `sortid` ASC [ RunTime:0.000264s ]
[2022-11-30T10:30:41+08:00][sql] SELECT * FROM `cd_field` WHERE  `field` = 'menu_name'  AND `menu_id` = 735 LIMIT 1 [ RunTime:0.000248s ]
[2022-11-30T10:30:41+08:00][sql] SELECT * FROM `cd_field` WHERE  `field` = 'url'  AND `menu_id` = 735 LIMIT 1 [ RunTime:0.000215s ]
[2022-11-30T10:30:41+08:00][sql] SELECT * FROM `cd_field` WHERE  `field` = 'redirect'  AND `menu_id` = 735 LIMIT 1 [ RunTime:0.000209s ]
[2022-11-30T10:30:41+08:00][sql] SELECT * FROM `cd_field` WHERE  `field` = 'route_url'  AND `menu_id` = 735 LIMIT 1 [ RunTime:0.000223s ]
[2022-11-30T10:30:41+08:00][sql] SELECT * FROM `cd_field` WHERE  `field` = 'route_path'  AND `menu_id` = 735 LIMIT 1 [ RunTime:0.000205s ]
[2022-11-30T10:30:41+08:00][sql] SELECT * FROM `cd_field` WHERE  `field` = 'pid'  AND `menu_id` = 735 LIMIT 1 [ RunTime:0.000216s ]
[2022-11-30T10:30:41+08:00][sql] SELECT * FROM `cd_field` WHERE  `field` = 'menu_order'  AND `menu_id` = 735 LIMIT 1 [ RunTime:0.000212s ]
[2022-11-30T10:30:41+08:00][sql] SELECT * FROM `cd_field` WHERE  `field` = 'menu_ico'  AND `menu_id` = 735 LIMIT 1 [ RunTime:0.000209s ]
[2022-11-30T10:30:41+08:00][sql] SELECT * FROM `cd_field` WHERE  `field` = 'broadside_status'  AND `menu_id` = 735 LIMIT 1 [ RunTime:0.000219s ]
[2022-11-30T10:30:41+08:00][sql] SELECT * FROM `cd_field` WHERE  `field` = 'create_time'  AND `menu_id` = 735 LIMIT 1 [ RunTime:0.000211s ]
[2022-11-30T10:30:41+08:00][sql] SELECT * FROM `cd_field` WHERE  `field` = 'cascader'  AND `menu_id` = 735 LIMIT 1 [ RunTime:0.000217s ]
[2022-11-30T10:30:41+08:00][sql] SELECT * FROM `cd_field` WHERE  `field` = 'member_menu_id'  AND `menu_id` = 735 LIMIT 1 [ RunTime:0.000213s ]
[2022-11-30T10:30:41+08:00][sql] SELECT * FROM `cd_field` WHERE  `field` = 'menu_name'  AND `menu_id` = 735 LIMIT 1 [ RunTime:0.000199s ]
[2022-11-30T10:30:41+08:00][sql] SELECT * FROM `cd_field` WHERE  `field` = 'url'  AND `menu_id` = 735 LIMIT 1 [ RunTime:0.000216s ]
[2022-11-30T10:30:41+08:00][sql] SELECT * FROM `cd_field` WHERE  `field` = 'redirect'  AND `menu_id` = 735 LIMIT 1 [ RunTime:0.000215s ]
[2022-11-30T10:30:41+08:00][sql] SELECT * FROM `cd_field` WHERE  `field` = 'route_url'  AND `menu_id` = 735 LIMIT 1 [ RunTime:0.000210s ]
[2022-11-30T10:30:41+08:00][sql] SELECT * FROM `cd_field` WHERE  `field` = 'route_path'  AND `menu_id` = 735 LIMIT 1 [ RunTime:0.000203s ]
[2022-11-30T10:30:41+08:00][sql] SELECT * FROM `cd_field` WHERE  `field` = 'pid'  AND `menu_id` = 735 LIMIT 1 [ RunTime:0.000206s ]
[2022-11-30T10:30:41+08:00][sql] SELECT * FROM `cd_field` WHERE  `field` = 'menu_order'  AND `menu_id` = 735 LIMIT 1 [ RunTime:0.000215s ]
[2022-11-30T10:30:41+08:00][sql] SELECT * FROM `cd_field` WHERE  `field` = 'menu_ico'  AND `menu_id` = 735 LIMIT 1 [ RunTime:0.000209s ]
[2022-11-30T10:30:41+08:00][sql] SELECT * FROM `cd_field` WHERE  `field` = 'broadside_status'  AND `menu_id` = 735 LIMIT 1 [ RunTime:0.000215s ]
[2022-11-30T10:30:41+08:00][sql] SELECT * FROM `cd_field` WHERE  `field` = 'cascader'  AND `menu_id` = 735 LIMIT 1 [ RunTime:0.000219s ]
[2022-11-30T10:30:41+08:00][sql] SELECT * FROM `cd_field` WHERE  `field` = 'member_menu_id'  AND `menu_id` = 735 LIMIT 1 [ RunTime:0.000209s ]
[2022-11-30T10:30:41+08:00][sql] SELECT * FROM `cd_field` WHERE  `menu_id` = 735 [ RunTime:0.000246s ]
[2022-11-30T10:30:41+08:00][sql] SELECT `action_name` FROM `cd_action` WHERE  `menu_id` = 735  AND `type` = 31 LIMIT 1 [ RunTime:0.000228s ]
[2022-11-30T10:30:41+08:00][sql] SELECT * FROM `cd_field` WHERE  `menu_id` = 735 ORDER BY `sortid` ASC [ RunTime:0.000275s ]
[2022-11-30T10:30:41+08:00][sql] SELECT `menu_id` FROM `cd_menu` WHERE  `app_id` = 211 [ RunTime:0.000215s ]
[2022-11-30T10:30:41+08:00][sql] SELECT * FROM `cd_action` WHERE  `menu_id` IN (732,733,735,737) [ RunTime:0.000274s ]
[2022-11-30T10:30:41+08:00][sql] SELECT * FROM `cd_menu` WHERE  `menu_id` = 732 LIMIT 1 [ RunTime:0.000195s ]
[2022-11-30T10:30:41+08:00][sql] SELECT * FROM `cd_menu` WHERE  `menu_id` = 732 LIMIT 1 [ RunTime:0.000182s ]
[2022-11-30T10:30:41+08:00][sql] SELECT * FROM `cd_menu` WHERE  `menu_id` = 732 LIMIT 1 [ RunTime:0.000184s ]
[2022-11-30T10:30:41+08:00][sql] SELECT * FROM `cd_menu` WHERE  `menu_id` = 732 LIMIT 1 [ RunTime:0.000182s ]
[2022-11-30T10:30:41+08:00][sql] SELECT * FROM `cd_menu` WHERE  `menu_id` = 732 LIMIT 1 [ RunTime:0.000183s ]
[2022-11-30T10:30:41+08:00][sql] SELECT * FROM `cd_menu` WHERE  `menu_id` = 733 LIMIT 1 [ RunTime:0.000171s ]
[2022-11-30T10:30:41+08:00][sql] SELECT * FROM `cd_menu` WHERE  `menu_id` = 733 LIMIT 1 [ RunTime:0.000169s ]
[2022-11-30T10:30:41+08:00][sql] SELECT * FROM `cd_menu` WHERE  `menu_id` = 733 LIMIT 1 [ RunTime:0.000187s ]
[2022-11-30T10:30:41+08:00][sql] SELECT * FROM `cd_menu` WHERE  `menu_id` = 733 LIMIT 1 [ RunTime:0.000172s ]
[2022-11-30T10:30:41+08:00][sql] SELECT * FROM `cd_menu` WHERE  `menu_id` = 733 LIMIT 1 [ RunTime:0.000176s ]
[2022-11-30T10:30:41+08:00][sql] SELECT * FROM `cd_menu` WHERE  `menu_id` = 735 LIMIT 1 [ RunTime:0.000195s ]
[2022-11-30T10:30:41+08:00][sql] SELECT * FROM `cd_menu` WHERE  `menu_id` = 735 LIMIT 1 [ RunTime:0.000171s ]
[2022-11-30T10:30:41+08:00][sql] SELECT * FROM `cd_menu` WHERE  `menu_id` = 735 LIMIT 1 [ RunTime:0.000179s ]
[2022-11-30T10:30:41+08:00][sql] SELECT * FROM `cd_menu` WHERE  `menu_id` = 735 LIMIT 1 [ RunTime:0.000170s ]
[2022-11-30T10:30:41+08:00][sql] SELECT * FROM `cd_menu` WHERE  `menu_id` = 735 LIMIT 1 [ RunTime:0.000165s ]
[2022-11-30T10:30:41+08:00][sql] SELECT * FROM `cd_menu` WHERE  `menu_id` = 733 LIMIT 1 [ RunTime:0.000168s ]
[2022-11-30T10:30:41+08:00][sql] SELECT * FROM `cd_menu` WHERE  `menu_id` = 732 LIMIT 1 [ RunTime:0.000169s ]
[2022-11-30T10:30:41+08:00][sql] SELECT * FROM `cd_menu` WHERE  `menu_id` = 737 LIMIT 1 [ RunTime:0.000165s ]
[2022-11-30T10:30:41+08:00][sql] SELECT * FROM `cd_menu` WHERE  `menu_id` = 737 LIMIT 1 [ RunTime:0.000170s ]
[2022-11-30T10:30:41+08:00][sql] SELECT * FROM `cd_menu` WHERE  `menu_id` = 737 LIMIT 1 [ RunTime:0.000167s ]
[2022-11-30T10:30:41+08:00][sql] SELECT * FROM `cd_menu` WHERE  `menu_id` = 737 LIMIT 1 [ RunTime:0.000165s ]
[2022-11-30T10:30:41+08:00][sql] SELECT * FROM `cd_menu` WHERE  `menu_id` = 737 LIMIT 1 [ RunTime:0.000167s ]
[2022-11-30T10:30:41+08:00][sql] SELECT * FROM `cd_menu` WHERE  `menu_id` = 737 LIMIT 1 [ RunTime:0.000169s ]
[2022-11-30T10:31:02+08:00][sql] CONNECT:[ UseTime:0.000297s ] mysql:host=127.0.0.1;port=3306;dbname=senior_test_jiay;charset=utf8
[2022-11-30T10:31:02+08:00][sql] SHOW FULL COLUMNS FROM `cd_menu` [ RunTime:0.000438s ]
[2022-11-30T10:31:02+08:00][sql] SELECT * FROM `cd_menu` WHERE  `status` = 1  AND `app_id` = 1  AND `pid` = 0 ORDER BY `sortid` ASC [ RunTime:0.000335s ]
[2022-11-30T10:31:02+08:00][sql] SELECT * FROM `cd_menu` WHERE  `status` = 1  AND `app_id` = 1  AND `pid` = 730 ORDER BY `sortid` ASC [ RunTime:0.000258s ]
[2022-11-30T10:31:02+08:00][sql] SELECT * FROM `cd_menu` WHERE  `status` = 1  AND `app_id` = 1  AND `pid` = 730 ORDER BY `sortid` ASC [ RunTime:0.000237s ]
[2022-11-30T10:31:02+08:00][sql] SELECT * FROM `cd_menu` WHERE  `status` = 1  AND `app_id` = 1  AND `pid` = 731 ORDER BY `sortid` ASC [ RunTime:0.000240s ]
[2022-11-30T10:31:02+08:00][sql] SELECT * FROM `cd_menu` WHERE  `status` = 1  AND `app_id` = 1  AND `pid` = 731 ORDER BY `sortid` ASC [ RunTime:0.000231s ]
[2022-11-30T10:31:02+08:00][sql] SELECT * FROM `cd_menu` WHERE  `status` = 1  AND `app_id` = 1  AND `pid` = 734 ORDER BY `sortid` ASC [ RunTime:0.000230s ]
[2022-11-30T10:31:02+08:00][sql] SELECT * FROM `cd_menu` WHERE  `status` = 1  AND `app_id` = 1  AND `pid` = 734 ORDER BY `sortid` ASC [ RunTime:0.000244s ]
[2022-11-30T10:31:02+08:00][sql] SELECT * FROM `cd_menu` WHERE  `status` = 1  AND `app_id` = 1  AND `pid` = 736 ORDER BY `sortid` ASC [ RunTime:0.000222s ]
[2022-11-30T10:31:02+08:00][sql] SELECT * FROM `cd_menu` WHERE  `status` = 1  AND `app_id` = 1  AND `pid` = 736 ORDER BY `sortid` ASC [ RunTime:0.000226s ]
[2022-11-30T10:31:02+08:00][sql] SELECT * FROM `cd_menu` WHERE  `status` = 1  AND `app_id` = 1  AND `pid` = 12 ORDER BY `sortid` ASC [ RunTime:0.000260s ]
[2022-11-30T10:31:02+08:00][sql] SELECT * FROM `cd_menu` WHERE  `status` = 1  AND `app_id` = 1  AND `pid` = 12 ORDER BY `sortid` ASC [ RunTime:0.000235s ]
[2022-11-30T10:31:02+08:00][sql] SELECT * FROM `cd_menu` WHERE  `status` = 1  AND `app_id` = 1  AND `pid` = 17 ORDER BY `sortid` ASC [ RunTime:0.000231s ]
[2022-11-30T10:31:02+08:00][sql] SELECT * FROM `cd_menu` WHERE  `status` = 1  AND `app_id` = 1  AND `pid` = 17 ORDER BY `sortid` ASC [ RunTime:0.000215s ]
[2022-11-30T10:31:02+08:00][sql] SELECT * FROM `cd_menu` WHERE  `status` = 1  AND `app_id` = 1  AND `pid` = 80 ORDER BY `sortid` ASC [ RunTime:0.000235s ]
[2022-11-30T10:31:02+08:00][sql] SELECT * FROM `cd_menu` WHERE  `status` = 1  AND `app_id` = 1  AND `pid` = 80 ORDER BY `sortid` ASC [ RunTime:0.000227s ]
[2022-11-30T10:31:02+08:00][sql] SELECT * FROM `cd_menu` WHERE  `status` = 1  AND `app_id` = 1  AND `pid` = 21 ORDER BY `sortid` ASC [ RunTime:0.000221s ]
[2022-11-30T10:31:02+08:00][sql] SELECT * FROM `cd_menu` WHERE  `status` = 1  AND `app_id` = 1  AND `pid` = 21 ORDER BY `sortid` ASC [ RunTime:0.000222s ]
[2022-11-30T10:31:02+08:00][sql] SELECT * FROM `cd_menu` WHERE  `status` = 1  AND `app_id` = 1  AND `pid` = 18 ORDER BY `sortid` ASC [ RunTime:0.000220s ]
[2022-11-30T10:31:02+08:00][sql] SELECT * FROM `cd_menu` WHERE  `status` = 1  AND `app_id` = 1  AND `pid` = 18 ORDER BY `sortid` ASC [ RunTime:0.000211s ]
[2022-11-30T10:31:02+08:00][sql] SELECT * FROM `cd_menu` WHERE  `status` = 1  AND `app_id` = 1  AND `pid` = 19 ORDER BY `sortid` ASC [ RunTime:0.000234s ]
[2022-11-30T10:31:02+08:00][sql] SELECT * FROM `cd_menu` WHERE  `status` = 1  AND `app_id` = 1  AND `pid` = 19 ORDER BY `sortid` ASC [ RunTime:0.000213s ]
[2022-11-30T10:31:02+08:00][sql] SELECT * FROM `cd_menu` WHERE  `status` = 1  AND `app_id` = 1  AND `pid` = 41 ORDER BY `sortid` ASC [ RunTime:0.000222s ]
[2022-11-30T10:31:02+08:00][sql] SELECT * FROM `cd_menu` WHERE  `status` = 1  AND `app_id` = 1  AND `pid` = 41 ORDER BY `sortid` ASC [ RunTime:0.000228s ]
[2022-11-30T10:31:02+08:00][sql] SELECT * FROM `cd_menu` WHERE  `status` = 1  AND `app_id` = 1  AND `pid` = 670 ORDER BY `sortid` ASC [ RunTime:0.000229s ]
[2022-11-30T10:31:02+08:00][sql] SELECT * FROM `cd_menu` WHERE  `status` = 1  AND `app_id` = 1  AND `pid` = 670 ORDER BY `sortid` ASC [ RunTime:0.000222s ]
[2022-11-30T10:31:02+08:00][sql] SELECT * FROM `cd_menu` WHERE  `status` = 1  AND `app_id` = 1  AND `pid` = 673 ORDER BY `sortid` ASC [ RunTime:0.000217s ]
[2022-11-30T10:31:02+08:00][sql] SELECT * FROM `cd_menu` WHERE  `status` = 1  AND `app_id` = 1  AND `pid` = 673 ORDER BY `sortid` ASC [ RunTime:0.000211s ]
[2022-11-30T10:34:20+08:00][sql] CONNECT:[ UseTime:0.000284s ] mysql:host=127.0.0.1;port=3306;dbname=senior_test_jiay;charset=utf8
[2022-11-30T10:34:20+08:00][sql] SHOW FULL COLUMNS FROM `cd_config` [ RunTime:0.000426s ]
[2022-11-30T10:34:20+08:00][sql] SELECT `data`,`name` FROM `cd_config` [ RunTime:0.000184s ]
[2022-11-30T10:34:20+08:00][sql] SHOW FULL COLUMNS FROM `cd_menu` [ RunTime:0.000375s ]
[2022-11-30T10:34:20+08:00][sql] SELECT * FROM `cd_menu` WHERE  `menu_id` = 735 LIMIT 1 [ RunTime:0.000232s ]
[2022-11-30T10:34:20+08:00][sql] SHOW FULL COLUMNS FROM `cd_application` [ RunTime:0.000322s ]
[2022-11-30T10:34:20+08:00][sql] SELECT * FROM `cd_application` WHERE  `app_id` = 211 LIMIT 1 [ RunTime:0.000267s ]
[2022-11-30T10:34:20+08:00][sql] CONNECT:[ UseTime:0.000269s ] mysql:host=127.0.0.1;port=3306;dbname=senior_test_jiay;charset=utf8
[2022-11-30T10:34:20+08:00][sql] SHOW FULL COLUMNS FROM `cd_field` [ RunTime:0.000449s ]
[2022-11-30T10:34:20+08:00][sql] SELECT COUNT(*) AS think_count FROM `cd_field` WHERE  `menu_id` = 735 LIMIT 1 [ RunTime:0.000230s ]
[2022-11-30T10:34:20+08:00][sql] SELECT * FROM `cd_field` WHERE  `menu_id` = 735 ORDER BY `sortid` ASC LIMIT 0,20 [ RunTime:0.000288s ]
[2022-11-30T10:34:22+08:00][sql] CONNECT:[ UseTime:0.000299s ] mysql:host=127.0.0.1;port=3306;dbname=senior_test_jiay;charset=utf8
[2022-11-30T10:34:22+08:00][sql] SHOW FULL COLUMNS FROM `cd_field` [ RunTime:0.000496s ]
[2022-11-30T10:34:22+08:00][sql] SELECT * FROM `cd_field` WHERE  `id` = 2786 LIMIT 1 [ RunTime:0.000270s ]
[2022-11-30T10:34:22+08:00][sql] SHOW FULL COLUMNS FROM `cd_menu` [ RunTime:0.000346s ]
[2022-11-30T10:34:22+08:00][sql] SELECT * FROM `cd_menu` WHERE  `menu_id` = 735 LIMIT 1 [ RunTime:0.000214s ]
[2022-11-30T10:34:22+08:00][sql] SELECT * FROM `cd_menu` WHERE  `menu_id` = 735 LIMIT 1 [ RunTime:0.000189s ]
[2022-11-30T10:34:22+08:00][sql] SHOW FULL COLUMNS FROM `cd_application` [ RunTime:0.000308s ]
[2022-11-30T10:34:22+08:00][sql] SELECT * FROM `cd_application` WHERE  `app_id` = 211 LIMIT 1 [ RunTime:0.000167s ]
[2022-11-30T10:34:22+08:00][sql] SELECT * FROM `cd_application` WHERE  `app_id` = 211 LIMIT 1 [ RunTime:0.000172s ]
