[2022-11-29T09:34:30+08:00][error] 错误信息:controller not exists:app\controller\favicon\Ico
[2022-11-29T09:34:31+08:00][error] 错误信息:controller not exists:app\controller\favicon\Ico
[2022-11-29T09:35:41+08:00][error] 错误信息:controller not exists:app\controller\favicon\Ico
[2022-11-29T09:48:55+08:00][error] 错误信息:controller not exists:app\controller\favicon\Ico
[2022-11-29T10:20:49+08:00][error] 错误信息:controller not exists:app\controller\favicon\Ico
[2022-11-29T10:29:15+08:00][error] 错误信息:controller not exists:app\controller\Api
[2022-11-29T10:29:15+08:00][error] 错误信息:controller not exists:app\controller\favicon\Ico
[2022-11-29T10:29:31+08:00][error] 错误信息:controller not exists:app\controller\favicon\Ico
[2022-11-29T10:30:29+08:00][error] 错误信息:controller not exists:app\controller\static\\
[2022-11-29T10:44:34+08:00][error] 错误信息:controller not exists:app\controller\favicon\Ico
[2022-11-29T10:44:34+08:00][error] 错误信息:controller not exists:app\controller\favicon\Ico
[2022-11-29T11:06:24+08:00][error] 错误信息:controller not exists:app\controller\Member
[2022-11-29T11:06:59+08:00][error] 错误信息:controller not exists:app\controller\Member
[2022-11-29T11:08:19+08:00][error] 错误信息:controller not exists:app\controller\favicon\Ico
[2022-11-29T11:09:46+08:00][error] 错误信息:controller not exists:app\controller\favicon\Ico
[2022-11-29T11:10:17+08:00][error] 错误信息:controller not exists:app\controller\favicon\Ico
[2022-11-29T13:03:18+08:00][error] 错误信息:controller not exists:app\controller\favicon\Ico
[2022-11-29T13:03:28+08:00][error] 错误信息:controller not exists:app\controller\favicon\Ico
[2022-11-29T13:12:18+08:00][error] 错误信息:controller not exists:app\controller\favicon\Ico
[2022-11-29T13:17:08+08:00][error] 错误信息:controller not exists:app\controller\favicon\Ico
[2022-11-29T13:21:23+08:00][error] 错误信息:controller not exists:app\controller\favicon\Ico
[2022-11-29T15:34:05+08:00][error] 错误信息:controller not exists:app\controller\favicon\Ico
[2022-11-29T16:51:42+08:00][error] 错误信息:controller not exists:app\controller\favicon\Ico
[2022-11-29T16:51:51+08:00][error] 错误信息:controller not exists:app\controller\favicon\Ico
[2022-11-29T17:26:30+08:00][error] 错误信息:controller not exists:app\controller\favicon\Ico
[2022-11-29T17:33:52+08:00][error] 错误信息:controller not exists:app\controller\favicon\Ico
[2022-11-29T17:46:05+08:00][error] 错误信息:controller not exists:app\controller\Apiundefined
[2022-11-29T17:51:20+08:00][error] 错误信息:controller not exists:app\controller\Apiundefined
[2022-11-29T17:51:24+08:00][error] 错误信息:controller not exists:app\controller\Apiundefined
[2022-11-29T17:52:10+08:00][error] 错误信息:controller not exists:app\controller\Apiundefined
[2022-11-29T17:52:50+08:00][error] 错误信息:controller not exists:app\controller\Apiundefined
[2022-11-29T17:53:11+08:00][error] 错误信息:controller not exists:app\controller\Apiundefined
[2022-11-29T17:56:05+08:00][error] 错误信息:controller not exists:app\controller\Apiundefined
[2022-11-29T17:56:16+08:00][error] 错误信息:controller not exists:app\controller\Apiundefined
[2022-11-29T17:57:33+08:00][error] 错误信息:controller not exists:app\controller\Apiundefined
[2022-11-29T18:00:21+08:00][error] 错误信息:controller not exists:app\controller\Apiundefined
[2022-11-29T18:11:23+08:00][error] 错误信息:controller not exists:app\controller\Apiundefined
[2022-11-29T19:26:39+08:00][error] 错误信息:controller not exists:app\controller\Apiundefined
[2022-11-29T19:27:16+08:00][error] 错误信息:controller not exists:app\controller\Apiundefined
[2022-11-29T19:27:24+08:00][error] 错误信息:controller not exists:app\controller\Apiundefined
[2022-11-29T19:28:10+08:00][error] 错误信息:controller not exists:app\controller\Apiundefined
[2022-11-29T19:28:50+08:00][error] 错误信息:controller not exists:app\controller\Apiundefined
[2022-11-29T19:32:18+08:00][error] 错误信息:controller not exists:app\controller\Apiundefined
[2022-11-29T19:32:20+08:00][error] 错误信息:controller not exists:app\controller\Apiundefined
[2022-11-29T19:32:36+08:00][error] 错误信息:controller not exists:app\controller\Apiundefined
[2022-11-29T19:33:58+08:00][error] 错误信息:controller not exists:app\controller\Apiundefined
[2022-11-29T19:34:09+08:00][error] 错误信息:controller not exists:app\controller\Apiundefined
[2022-11-29T19:34:54+08:00][error] 错误信息:controller not exists:app\controller\Apiundefined
[2022-11-29T19:38:13+08:00][error] 错误信息:controller not exists:app\controller\Apiundefined
[2022-11-29T19:38:52+08:00][error] 错误信息:controller not exists:app\controller\Apiundefined
[2022-11-29T19:39:05+08:00][error] 错误信息:controller not exists:app\controller\Apiundefined
[2022-11-29T19:39:46+08:00][error] 错误信息:controller not exists:app\controller\Apiundefined
[2022-11-29T19:40:41+08:00][error] 错误信息:controller not exists:app\controller\Apiundefined
[2022-11-29T19:42:15+08:00][error] 错误信息:controller not exists:app\controller\Apiundefined
[2022-11-29T19:43:10+08:00][error] 错误信息:controller not exists:app\controller\Apiundefined
[2022-11-29T19:43:34+08:00][error] 错误信息:controller not exists:app\controller\Apiundefined
[2022-11-29T19:44:16+08:00][error] 错误信息:controller not exists:app\controller\Apiundefined
[2022-11-29T19:48:06+08:00][error] 错误信息:controller not exists:app\controller\Apiundefined
[2022-11-29T19:48:08+08:00][error] 错误信息:controller not exists:app\controller\Apiundefined
[2022-11-29T19:48:09+08:00][error] 错误信息:controller not exists:app\controller\Apiundefined
[2022-11-29T19:58:10+08:00][error] 错误信息:controller not exists:app\controller\Apiundefined
[2022-11-29T19:58:14+08:00][error] 错误信息:controller not exists:app\controller\Apiundefined
[2022-11-29T20:00:45+08:00][error] 错误信息:controller not exists:app\controller\Apiundefined
[2022-11-29T20:03:13+08:00][error] 错误信息:controller not exists:app\controller\Apiundefined
[2022-11-29T20:12:48+08:00][error] 错误信息:controller not exists:app\controller\Apiundefined
[2022-11-29T20:12:50+08:00][error] 错误信息:controller not exists:app\controller\Apiundefined
[2022-11-29T20:12:53+08:00][error] 错误信息:controller not exists:app\controller\Apiundefined
[2022-11-29T20:17:16+08:00][error] 错误信息:controller not exists:app\controller\Apiundefined
[2022-11-29T20:17:43+08:00][error] 错误信息:controller not exists:app\controller\Apiundefined
[2022-11-29T20:18:03+08:00][error] 错误信息:controller not exists:app\controller\Apiundefined
[2022-11-29T20:18:20+08:00][error] 错误信息:controller not exists:app\controller\Apiundefined
[2022-11-29T20:19:09+08:00][error] 错误信息:controller not exists:app\controller\Apiundefined
[2022-11-29T20:21:12+08:00][error] 错误信息:controller not exists:app\controller\Apiundefined
[2022-11-29T20:21:22+08:00][error] 错误信息:controller not exists:app\controller\Apiundefined
[2022-11-29T20:21:49+08:00][error] 错误信息:controller not exists:app\controller\Apiundefined
[2022-11-29T20:24:43+08:00][error] 错误信息:controller not exists:app\controller\Apiundefined
[2022-11-29T20:24:44+08:00][error] 错误信息:controller not exists:app\controller\Apiundefined
[2022-11-29T20:25:20+08:00][error] 错误信息:controller not exists:app\controller\Apiundefined
[2022-11-29T20:25:41+08:00][error] 错误信息:controller not exists:app\controller\Apiundefined
[2022-11-29T20:26:44+08:00][error] 错误信息:controller not exists:app\controller\Apiundefined
[2022-11-29T20:29:48+08:00][error] 错误信息:controller not exists:app\controller\Apiundefined
[2022-11-29T20:29:52+08:00][error] 错误信息:controller not exists:app\controller\Apiundefined
[2022-11-29T20:30:34+08:00][error] 错误信息:controller not exists:app\controller\Apiundefined
[2022-11-29T20:30:47+08:00][error] 错误信息:controller not exists:app\controller\Apiundefined
[2022-11-29T20:31:49+08:00][error] 错误信息:controller not exists:app\controller\Apiundefined
[2022-11-29T20:31:54+08:00][error] 错误信息:controller not exists:app\controller\Apiundefined
[2022-11-29T20:32:07+08:00][error] 错误信息:controller not exists:app\controller\Apiundefined
[2022-11-29T20:32:45+08:00][error] 错误信息:controller not exists:app\controller\Apiundefined
[2022-11-29T20:34:47+08:00][error] 错误信息:controller not exists:app\controller\Apiundefined
[2022-11-29T20:34:56+08:00][error] 错误信息:controller not exists:app\controller\Apiundefined
[2022-11-29T20:35:06+08:00][error] 错误信息:controller not exists:app\controller\Apiundefined
[2022-11-29T20:49:05+08:00][error] 错误信息:controller not exists:app\controller\Apiundefined
[2022-11-29T20:50:20+08:00][error] 错误信息:controller not exists:app\controller\Apiundefined
[2022-11-29T20:53:11+08:00][error] 错误信息:controller not exists:app\controller\Apiundefined
[2022-11-29T20:54:13+08:00][error] 错误信息:controller not exists:app\controller\Apiundefined
[2022-11-29T20:59:04+08:00][error] 错误信息:controller not exists:app\controller\Apiundefined
[2022-11-29T21:01:45+08:00][error] 错误信息:controller not exists:app\controller\favicon\Ico
[2022-11-29T21:02:40+08:00][error] 错误信息:controller not exists:app\controller\Apiundefined
[2022-11-29T21:04:45+08:00][error] 错误信息:controller not exists:app\controller\Apiundefined
[2022-11-29T21:05:16+08:00][error] 错误信息:controller not exists:app\controller\Apiundefined
[2022-11-29T21:06:52+08:00][error] 错误信息:controller not exists:app\controller\favicon\Ico
[2022-11-29T21:07:02+08:00][error] 错误信息:controller not exists:app\controller\favicon\Ico
[2022-11-29T21:07:03+08:00][error] 错误信息:controller not exists:app\controller\Apiundefined
[2022-11-29T21:08:44+08:00][error] 错误信息:controller not exists:app\controller\Apiundefined
[2022-11-29T21:09:24+08:00][error] 错误信息:controller not exists:app\controller\Doc
[2022-11-29T21:10:40+08:00][error] 错误信息:controller not exists:app\controller\MemberMenu
[2022-11-29T21:11:06+08:00][error] 错误信息:controller not exists:app\controller\Apiundefined
[2022-11-29T21:12:18+08:00][error] 错误信息:controller not exists:app\controller\Apiundefined
[2022-11-29T21:12:23+08:00][error] 错误信息:controller not exists:app\controller\Apiundefined
[2022-11-29T21:12:36+08:00][error] 错误信息:controller not exists:app\controller\Apiundefined
[2022-11-29T21:14:25+08:00][error] 错误信息:controller not exists:app\controller\Apiundefined
[2022-11-29T21:14:40+08:00][error] 错误信息:controller not exists:app\controller\Apiundefined
[2022-11-29T21:14:57+08:00][error] 错误信息:controller not exists:app\controller\Apiundefined
[2022-11-29T21:15:07+08:00][error] 错误信息:controller not exists:app\controller\Apiundefined
[2022-11-29T21:15:12+08:00][error] 错误信息:controller not exists:app\controller\Apiundefined
[2022-11-29T21:15:17+08:00][error] 错误信息:controller not exists:app\controller\Apiundefined
[2022-11-29T21:15:52+08:00][error] 错误信息:controller not exists:app\controller\Apiundefined
[2022-11-29T21:17:21+08:00][error] 错误信息:controller not exists:app\controller\Apiundefined
[2022-11-29T21:17:44+08:00][error] 错误信息:controller not exists:app\controller\Apiundefined
[2022-11-29T21:17:46+08:00][error] 错误信息:controller not exists:app\controller\Apiundefined
[2022-11-29T21:20:06+08:00][error] 错误信息:controller not exists:app\controller\Apiundefined
[2022-11-29T21:20:17+08:00][error] 错误信息:controller not exists:app\controller\Apiundefined
[2022-11-29T21:22:22+08:00][error] 错误信息:controller not exists:app\controller\Apiundefined
